<?xml version="1.0" encoding="UTF-8"?>
<testsuite name="TestDebug"
           tests="1"
           failures="1"
           errors="0"
           skipped="0"
           time="14.132">
  <properties />
            <testcase name="test_login" time="14.132" classname="Test_login">
                <failure type="java.lang.NullPointerException"
                  message="(null)"
              >
<![CDATA[java.lang.NullPointerException
  org.openqa.selenium.support.ui.ExpectedConditions.elementIfVisible(ExpectedConditions.java:302)
  org.openqa.selenium.support.ui.ExpectedConditions.access$100(ExpectedConditions.java:41)
  org.openqa.selenium.support.ui.ExpectedConditions$7.apply(ExpectedConditions.java:205)
  org.openqa.selenium.support.ui.ExpectedConditions$7.apply(ExpectedConditions.java:201)
  org.openqa.selenium.support.ui.ExpectedConditions$22.apply(ExpectedConditions.java:653)
  org.openqa.selenium.support.ui.ExpectedConditions$22.apply(ExpectedConditions.java:646)
  org.openqa.selenium.support.ui.FluentWait.until(FluentWait.java:238)
  Test_login.setfajiang(Test_login.java:87)
  Test_login.test_login(Test_login.java:53)
  sun.reflect.NativeMethodAccessorImpl.invoke0(Native Method)
  sun.reflect.NativeMethodAccessorImpl.invoke(NativeMethodAccessorImpl.java:62)
  sun.reflect.DelegatingMethodAccessorImpl.invoke(DelegatingMethodAccessorImpl.java:43)
  java.lang.reflect.Method.invoke(Method.java:498)
  org.testng.internal.MethodInvocationHelper.invokeMethod(MethodInvocationHelper.java:86)
  org.testng.internal.Invoker.invokeMethod(Invoker.java:643)
  org.testng.internal.Invoker.invokeTestMethod(Invoker.java:820)
  org.testng.internal.Invoker.invokeTestMethods(Invoker.java:1128)
  org.testng.internal.TestMethodWorker.invokeTestMethods(TestMethodWorker.java:129)
  org.testng.internal.TestMethodWorker.run(TestMethodWorker.java:112)
  java.util.concurrent.ThreadPoolExecutor.runWorker(ThreadPoolExecutor.java:1142)
  java.util.concurrent.ThreadPoolExecutor$Worker.run(ThreadPoolExecutor.java:617)
  java.lang.Thread.run(Thread.java:745)
]]>
      </failure>

          </testcase>
  
  
  
</testsuite>
